<?xml version="1.0" encoding="UTF-8"?>
<!-- Generated by org.testng.reporters.JUnitReportReporter -->
<testsuite hostname="DESKTOP-GKPSUJA" failures="0" tests="4" name="test2.LoginTest2" time="8.214" errors="0" timestamp="2023-02-10T23:06:03 IST" skipped="0">
  <testcase classname="test2.LoginTest2" name="verifyTitleOfBuild" time="0.035"/>
  <system-out/>
  <testcase classname="test2.LoginTest2" name="verifyTitleofPage" time="0.546"/>
  <system-out/>
  <testcase classname="test2.LoginTest2" name="verifyCurrentUrlofPage" time="0.027"/>
  <system-out/>
  <testcase classname="test2.LoginTest2" name="verifyLoginWithCorrectCredentials" time="7.606"/>
  <system-out/>
</testsuite> <!-- test2.LoginTest2 -->
