<?xml version="1.0" encoding="UTF-8"?>
<!-- Generated by org.testng.reporters.JUnitReportReporter -->
<testsuite hostname="DESKTOP-GKPSUJA" failures="0" tests="2" name="test.PIMTest" time="0.000" errors="0" timestamp="2023-03-18T15:08:53 IST" skipped="2">
  <testcase classname="test.PIMTest" name="verifyTitleOfPIMPage" time="0.000">
    <skipped/>
  </testcase> <!-- verifyTitleOfPIMPage -->
  <system-out/>
  <testcase classname="test.PIMTest" name="verifyEmpSearchEmpName" time="0.000">
    <skipped/>
  </testcase> <!-- verifyEmpSearchEmpName -->
  <system-out/>
</testsuite> <!-- test.PIMTest -->
