<?xml version="1.0" encoding="UTF-8"?>
<!-- Generated by org.testng.reporters.JUnitReportReporter -->
<testsuite hostname="DESKTOP-GKPSUJA" failures="0" tests="4" name="test2.LoginTest2" time="5.618" errors="0" timestamp="2023-02-15T18:10:03 IST" skipped="0">
  <testcase classname="test2.LoginTest2" name="verifyTitleOfBuild" time="0.048"/>
  <system-out/>
  <testcase classname="test2.LoginTest2" name="verifyTitleofPage" time="1.434"/>
  <system-out/>
  <testcase classname="test2.LoginTest2" name="verifyCurrentUrlofPage" time="0.051"/>
  <system-out/>
  <testcase classname="test2.LoginTest2" name="verifyLoginWithCorrectCredentials" time="4.085"/>
  <system-out/>
</testsuite> <!-- test2.LoginTest2 -->
