<?xml version="1.0" encoding="UTF-8"?>
<!-- Generated by org.testng.reporters.JUnitReportReporter -->
<testsuite hostname="DESKTOP-GKPSUJA" failures="0" tests="4" name="test.LoginTest" time="4.846" errors="0" timestamp="2023-02-10T22:20:07 IST" skipped="0">
  <testcase classname="test.LoginTest" name="verifyTitleOfBuild" time="0.055"/>
  <system-out/>
  <testcase classname="test.LoginTest" name="verifyTitleofPage" time="0.983"/>
  <system-out/>
  <testcase classname="test.LoginTest" name="verifyCurrentUrlofPage" time="0.030"/>
  <system-out/>
  <testcase classname="test.LoginTest" name="verifyLoginWithCorrectCredentials" time="3.778"/>
  <system-out/>
</testsuite> <!-- test.LoginTest -->
