<?xml version="1.0" encoding="UTF-8"?>
<!-- Generated by org.testng.reporters.JUnitReportReporter -->
<testsuite hostname="Dell" failures="0" tests="2" name="test.PIMTest" time="3.215" errors="0" timestamp="2023-07-06T19:08:03 IST" skipped="0">
  <testcase classname="test.PIMTest" name="verifyTitleOfPIMPage" time="2.139"/>
  <system-out/>
  <testcase classname="test.PIMTest" name="verifyEmpSearchEmpName" time="1.076"/>
  <system-out/>
</testsuite> <!-- test.PIMTest -->
