<?xml version="1.0" encoding="UTF-8"?>
<!-- Generated by org.testng.reporters.JUnitReportReporter -->
<testsuite hostname="DESKTOP-GKPSUJA" failures="0" tests="4" name="test.LoginTest" time="5.445" errors="0" timestamp="2023-02-15T19:20:48 IST" skipped="0">
  <testcase classname="test.LoginTest" name="verifyTitleOfBuild" time="0.030"/>
  <system-out/>
  <testcase classname="test.LoginTest" name="verifyTitleofPage" time="1.408"/>
  <system-out/>
  <testcase classname="test.LoginTest" name="verifyCurrentUrlofPage" time="0.024"/>
  <system-out/>
  <testcase classname="test.LoginTest" name="verifyLoginWithCorrectCredentials" time="3.983"/>
  <system-out/>
</testsuite> <!-- test.LoginTest -->
