<?xml version="1.0" encoding="UTF-8"?>
<!-- Generated by org.testng.reporters.JUnitReportReporter -->
<testsuite hostname="Dell" failures="0" tests="4" name="test.LoginTest" time="3.506" errors="0" timestamp="2023-07-06T19:08:03 IST" skipped="0">
  <testcase classname="test.LoginTest" name="verifyTitleOfBuild" time="0.018"/>
  <system-out/>
  <testcase classname="test.LoginTest" name="verifyTitleofPage" time="0.495"/>
  <system-out/>
  <testcase classname="test.LoginTest" name="verifyCurrentUrlofPage" time="0.017"/>
  <system-out/>
  <testcase classname="test.LoginTest" name="verifyLoginWithCorrectCredentials" time="2.976"/>
  <system-out/>
</testsuite> <!-- test.LoginTest -->
